<?xml version="1.0" encoding="UTF-8"?>
<!-- Generated by org.testng.reporters.JUnitXMLReporter -->
<testsuite ignored="0" hostname="DESKTOP-3FBLGTP" failures="1" tests="4" name="DemoWebShopTest" time="14.186" errors="0" timestamp="2025-08-15T22:20:35 IST">
  <testcase classname="com.web.DemoWebShopTest" name="verifyHomePageTitle" time="0.015"/>
  <testcase classname="com.web.DemoWebShopTest" name="navigateToLoginPage" time="2.585"/>
  <testcase classname="com.web.DemoWebShopTest" name="loginTest" time="2.564">
    <failure type="java.lang.AssertionError" message="Login failed or &amp;apos;Log out&amp;apos; link not found expected [true] but found [false]">
      <![CDATA[java.lang.AssertionError: Login failed or 'Log out' link not found expected [true] but found [false]
at com.web.DemoWebShopTest.loginTest(DemoWebShopTest.java:68)
at java.base/java.util.ArrayList.forEach(ArrayList.java:1511)
... Removed 30 stack frames]]>
    </failure>
  </testcase> <!-- loginTest -->
  <testcase classname="com.web.DemoWebShopTest" name="verifyProductList" time="0.0">
    <skipped/>
  </testcase> <!-- verifyProductList -->
</testsuite> <!-- DemoWebShopTest -->
