<?xml version="1.0" encoding="UTF-8"?>
<testng-results ignored="0" total="1" passed="1" failed="0" skipped="0">
  <reporter-output>
  </reporter-output>
  <suite started-at="2025-08-19T16:16:00 IST" name="Default suite" finished-at="2025-08-19T16:16:08 IST" duration-ms="8602">
    <groups>
    </groups>
    <test started-at="2025-08-19T16:16:00 IST" name="Default test" finished-at="2025-08-19T16:16:08 IST" duration-ms="8602">
      <class name="DBTestWithSelenium">
        <test-method is-config="true" signature="setup()[pri:0, instance:DBTestWithSelenium@6a2b953e]" started-at="2025-08-19T16:16:00 IST" name="setup" finished-at="2025-08-19T16:16:06 IST" duration-ms="6041" status="PASS">
          <reporter-output>
          </reporter-output>
        </test-method> <!-- setup -->
        <test-method signature="readDataAndTest()[pri:0, instance:DBTestWithSelenium@6a2b953e]" started-at="2025-08-19T16:16:06 IST" name="readDataAndTest" finished-at="2025-08-19T16:16:08 IST" duration-ms="2287" status="PASS">
          <reporter-output>
          </reporter-output>
        </test-method> <!-- readDataAndTest -->
        <test-method is-config="true" signature="tearDown()[pri:0, instance:DBTestWithSelenium@6a2b953e]" started-at="2025-08-19T16:16:08 IST" name="tearDown" finished-at="2025-08-19T16:16:08 IST" duration-ms="209" status="PASS">
          <reporter-output>
          </reporter-output>
        </test-method> <!-- tearDown -->
      </class> <!-- DBTestWithSelenium -->
    </test> <!-- Default test -->
  </suite> <!-- Default suite -->
</testng-results>
