<?xml version="1.0" encoding="UTF-8"?>
<testng-results ignored="0" total="2" passed="2" failed="0" skipped="0">
  <reporter-output>
  </reporter-output>
  <suite started-at="2025-08-13T21:01:42 IST" name="Default suite" finished-at="2025-08-13T21:01:49 IST" duration-ms="7938">
    <groups>
    </groups>
    <test started-at="2025-08-13T21:01:42 IST" name="Default test" finished-at="2025-08-13T21:01:49 IST" duration-ms="7938">
      <class name="com.testNG2.Application">
        <test-method is-config="true" signature="launchBrowser()[pri:0, instance:com.testNG2.Application@5b94b04d]" started-at="2025-08-13T21:01:42 IST" name="launchBrowser" finished-at="2025-08-13T21:01:44 IST" duration-ms="1992" status="PASS">
          <reporter-output>
          </reporter-output>
        </test-method> <!-- launchBrowser -->
        <test-method signature="launchGoogle()[pri:0, instance:com.testNG2.Application@5b94b04d]" started-at="2025-08-13T21:01:44 IST" name="launchGoogle" finished-at="2025-08-13T21:01:45 IST" duration-ms="1648" status="PASS">
          <reporter-output>
          </reporter-output>
        </test-method> <!-- launchGoogle -->
        <test-method signature="registerNewUser()[pri:0, instance:com.testNG2.Application@5b94b04d]" started-at="2025-08-13T21:01:45 IST" name="registerNewUser" finished-at="2025-08-13T21:01:49 IST" duration-ms="3979" status="PASS">
          <reporter-output>
          </reporter-output>
        </test-method> <!-- registerNewUser -->
        <test-method is-config="true" signature="tearDown()[pri:0, instance:com.testNG2.Application@5b94b04d]" started-at="2025-08-13T21:01:49 IST" name="tearDown" finished-at="2025-08-13T21:01:49 IST" duration-ms="246" status="PASS">
          <reporter-output>
          </reporter-output>
        </test-method> <!-- tearDown -->
      </class> <!-- com.testNG2.Application -->
    </test> <!-- Default test -->
  </suite> <!-- Default suite -->
</testng-results>
