<?xml version="1.0" encoding="UTF-8"?>
<testng-results ignored="0" total="2" passed="2" failed="0" skipped="0">
  <reporter-output>
  </reporter-output>
  <suite started-at="2025-08-13T20:49:24 IST" name="Default suite" finished-at="2025-08-13T20:49:51 IST" duration-ms="27444">
    <groups>
    </groups>
    <test started-at="2025-08-13T20:49:24 IST" name="Default test" finished-at="2025-08-13T20:49:51 IST" duration-ms="27444">
      <class name="com.testNG.Annotations">
        <test-method is-config="true" signature="beforeSuite()[pri:0, instance:com.testNG.Annotations@5b7a5baa]" started-at="2025-08-13T20:49:24 IST" name="beforeSuite" finished-at="2025-08-13T20:49:24 IST" duration-ms="11" status="PASS">
          <reporter-output>
          </reporter-output>
        </test-method> <!-- beforeSuite -->
        <test-method is-config="true" signature="beforeTEST()[pri:0, instance:com.testNG.Annotations@5b7a5baa]" started-at="2025-08-13T20:49:24 IST" name="beforeTEST" finished-at="2025-08-13T20:49:24 IST" duration-ms="1" status="PASS">
          <reporter-output>
          </reporter-output>
        </test-method> <!-- beforeTEST -->
        <test-method is-config="true" signature="beforeClass()[pri:0, instance:com.testNG.Annotations@5b7a5baa]" started-at="2025-08-13T20:49:24 IST" name="beforeClass" finished-at="2025-08-13T20:49:46 IST" duration-ms="21832" status="PASS">
          <reporter-output>
          </reporter-output>
        </test-method> <!-- beforeClass -->
        <test-method is-config="true" signature="beforeMethod()[pri:0, instance:com.testNG.Annotations@5b7a5baa]" started-at="2025-08-13T20:49:46 IST" name="beforeMethod" finished-at="2025-08-13T20:49:47 IST" duration-ms="883" status="PASS">
          <reporter-output>
          </reporter-output>
        </test-method> <!-- beforeMethod -->
        <test-method signature="verifypage()[pri:1, instance:com.testNG.Annotations@5b7a5baa]" started-at="2025-08-13T20:49:47 IST" name="verifypage" finished-at="2025-08-13T20:49:47 IST" duration-ms="7" status="PASS">
          <reporter-output>
          </reporter-output>
        </test-method> <!-- verifypage -->
        <test-method is-config="true" signature="afterMethod()[pri:0, instance:com.testNG.Annotations@5b7a5baa]" started-at="2025-08-13T20:49:47 IST" name="afterMethod" finished-at="2025-08-13T20:49:48 IST" duration-ms="1131" status="PASS">
          <reporter-output>
          </reporter-output>
        </test-method> <!-- afterMethod -->
        <test-method is-config="true" signature="beforeMethod()[pri:0, instance:com.testNG.Annotations@5b7a5baa]" started-at="2025-08-13T20:49:48 IST" name="beforeMethod" finished-at="2025-08-13T20:49:49 IST" duration-ms="1041" status="PASS">
          <reporter-output>
          </reporter-output>
        </test-method> <!-- beforeMethod -->
        <test-method signature="LoginTest()[pri:2, instance:com.testNG.Annotations@5b7a5baa]" started-at="2025-08-13T20:49:49 IST" name="LoginTest" finished-at="2025-08-13T20:49:50 IST" duration-ms="1288" status="PASS">
          <reporter-output>
          </reporter-output>
        </test-method> <!-- LoginTest -->
        <test-method is-config="true" signature="afterMethod()[pri:0, instance:com.testNG.Annotations@5b7a5baa]" started-at="2025-08-13T20:49:50 IST" name="afterMethod" finished-at="2025-08-13T20:49:51 IST" duration-ms="851" status="PASS">
          <reporter-output>
          </reporter-output>
        </test-method> <!-- afterMethod -->
        <test-method is-config="true" signature="afterClass()[pri:0, instance:com.testNG.Annotations@5b7a5baa]" started-at="2025-08-13T20:49:51 IST" name="afterClass" finished-at="2025-08-13T20:49:51 IST" duration-ms="358" status="PASS">
          <reporter-output>
          </reporter-output>
        </test-method> <!-- afterClass -->
        <test-method is-config="true" signature="afterTest()[pri:0, instance:com.testNG.Annotations@5b7a5baa]" started-at="2025-08-13T20:49:51 IST" name="afterTest" finished-at="2025-08-13T20:49:51 IST" duration-ms="1" status="PASS">
          <reporter-output>
          </reporter-output>
        </test-method> <!-- afterTest -->
        <test-method is-config="true" signature="afterSuite()[pri:0, instance:com.testNG.Annotations@5b7a5baa]" started-at="2025-08-13T20:49:52 IST" name="afterSuite" finished-at="2025-08-13T20:49:52 IST" duration-ms="0" status="PASS">
          <reporter-output>
          </reporter-output>
        </test-method> <!-- afterSuite -->
      </class> <!-- com.testNG.Annotations -->
    </test> <!-- Default test -->
  </suite> <!-- Default suite -->
</testng-results>
